0 info it worked if it ends with ok
1 verbose cli [ 'D:\\apps\\nodejs\\node.exe',
1 verbose cli   'D:\\apps\\nodejs\\node_modules\\npm\\bin\\npm-cli.js',
1 verbose cli   'start' ]
2 info using npm@3.10.10
3 info using node@v6.10.0
4 verbose stack Error: ENOENT: no such file or directory, open 'D:\workspace\node_prjs\vue2-study\package.json'
4 verbose stack     at Error (native)
5 verbose cwd D:\workspace\node_prjs\vue2-study
6 error Windows_NT 10.0.10240
7 error argv "D:\\apps\\nodejs\\node.exe" "D:\\apps\\nodejs\\node_modules\\npm\\bin\\npm-cli.js" "start"
8 error node v6.10.0
9 error npm  v3.10.10
10 error path D:\workspace\node_prjs\vue2-study\package.json
11 error code ENOENT
12 error errno -4058
13 error syscall open
14 error enoent ENOENT: no such file or directory, open 'D:\workspace\node_prjs\vue2-study\package.json'
15 error enoent ENOENT: no such file or directory, open 'D:\workspace\node_prjs\vue2-study\package.json'
15 error enoent This is most likely not a problem with npm itself
15 error enoent and is related to npm not being able to find a file.
16 verbose exit [ -4058, true ]
